Using pre-set license
Built from '2020.3/staging' branch; Version is '2020.3.22f1 (e1a7f79fd887) revision 14788599'; Using compiler version '192528614'; Build Type 'Release'
OS: 'Windows 10 Home; OS build 19043.1348; Version 2009; 64bit' Language: 'en' Physical Memory: 16310 MB
BatchMode: 1, IsHumanControllingUs: 0, StartBugReporterOnCrash: 0, Is64bit: 1, IsPro: 0

COMMAND LINE ARGUMENTS:
C:\Program Files\Unity\Hub\Editor\2020.3.22f1\Editor\Unity.exe
-adb2
-batchMode
-noUpm
-name
AssetImportWorker0
-projectPath
C:/Users/rgfai/Documents/Repositories/UnderwaterVRCleanup/UnderwaterCleanup
-logFile
Logs/AssetImportWorker0.log
-srvPort
56137
Successfully changed project path to: C:/Users/rgfai/Documents/Repositories/UnderwaterVRCleanup/UnderwaterCleanup
C:/Users/rgfai/Documents/Repositories/UnderwaterVRCleanup/UnderwaterCleanup
Using Asset Import Pipeline V2.
Refreshing native plugins compatible for Editor in 28.90 ms, found 2 plugins.
Preloading 0 native plugins for Editor in 0.00 ms.
Initialize engine version: 2020.3.22f1 (e1a7f79fd887)
[Subsystems] Discovering subsystems at path C:/Program Files/Unity/Hub/Editor/2020.3.22f1/Editor/Data/Resources/UnitySubsystems
[Subsystems] Discovering subsystems at path C:/Users/rgfai/Documents/Repositories/UnderwaterVRCleanup/UnderwaterCleanup/Assets
GfxDevice: creating device client; threaded=0
Direct3D:
    Version:  Direct3D 11.0 [level 11.1]
    Renderer: NVIDIA GeForce RTX 2060 (ID=0x1e89)
    Vendor:   
    VRAM:     5974 MB
    Driver:   30.0.14.9649
Initialize mono
Mono path[0] = 'C:/Program Files/Unity/Hub/Editor/2020.3.22f1/Editor/Data/Managed'
Mono path[1] = 'C:/Program Files/Unity/Hub/Editor/2020.3.22f1/Editor/Data/MonoBleedingEdge/lib/mono/unityjit'
Mono config path = 'C:/Program Files/Unity/Hub/Editor/2020.3.22f1/Editor/Data/MonoBleedingEdge/etc'
Using monoOptions --debugger-agent=transport=dt_socket,embedding=1,server=y,suspend=n,address=127.0.0.1:56444
Begin MonoManager ReloadAssembly
Registering precompiled unity dll's ...
Register platform support module: C:/Program Files/Unity/Hub/Editor/2020.3.22f1/Editor/Data/PlaybackEngines/WindowsStandaloneSupport/UnityEditor.WindowsStandalone.Extensions.dll
Registered in 0.001950 seconds.
Native extension for WindowsStandalone target not found
Refreshing native plugins compatible for Editor in 26.78 ms, found 2 plugins.
Preloading 0 native plugins for Editor in 0.00 ms.
Mono: successfully reloaded assembly
- Completed reload, in  1.058 seconds
Domain Reload Profiling:
	ReloadAssembly (1058ms)
		BeginReloadAssembly (53ms)
			ExecutionOrderSort (0ms)
			DisableScriptedObjects (0ms)
			BackupInstance (0ms)
			ReleaseScriptingObjects (0ms)
			CreateAndSetChildDomain (1ms)
		EndReloadAssembly (411ms)
			LoadAssemblies (51ms)
			RebuildTransferFunctionScriptingTraits (0ms)
			SetupTypeCache (141ms)
			ReleaseScriptCaches (0ms)
			RebuildScriptCaches (29ms)
			SetupLoadedEditorAssemblies (149ms)
				LogAssemblyErrors (0ms)
				InitializePlatformSupportModulesInManaged (3ms)
				SetLoadedEditorAssemblies (0ms)
				RefreshPlugins (27ms)
				BeforeProcessingInitializeOnLoad (15ms)
				ProcessInitializeOnLoadAttributes (77ms)
				ProcessInitializeOnLoadMethodAttributes (27ms)
				AfterProcessingInitializeOnLoad (0ms)
				EditorAssembliesLoaded (0ms)
			ExecutionOrderSort2 (0ms)
			AwakeInstancesAfterBackupRestoration (0ms)
Platform modules already initialized, skipping
Registering precompiled user dll's ...
Registered in 0.004594 seconds.
Begin MonoManager ReloadAssembly
Native extension for WindowsStandalone target not found
Refreshing native plugins compatible for Editor in 0.30 ms, found 2 plugins.
Preloading 0 native plugins for Editor in 0.00 ms.
Mono: successfully reloaded assembly
- Completed reload, in  0.954 seconds
Domain Reload Profiling:
	ReloadAssembly (955ms)
		BeginReloadAssembly (135ms)
			ExecutionOrderSort (0ms)
			DisableScriptedObjects (4ms)
			BackupInstance (0ms)
			ReleaseScriptingObjects (0ms)
			CreateAndSetChildDomain (17ms)
		EndReloadAssembly (759ms)
			LoadAssemblies (81ms)
			RebuildTransferFunctionScriptingTraits (0ms)
			SetupTypeCache (265ms)
			ReleaseScriptCaches (0ms)
			RebuildScriptCaches (38ms)
			SetupLoadedEditorAssemblies (292ms)
				LogAssemblyErrors (0ms)
				InitializePlatformSupportModulesInManaged (5ms)
				SetLoadedEditorAssemblies (0ms)
				RefreshPlugins (0ms)
				BeforeProcessingInitializeOnLoad (75ms)
				ProcessInitializeOnLoadAttributes (197ms)
				ProcessInitializeOnLoadMethodAttributes (8ms)
				AfterProcessingInitializeOnLoad (7ms)
				EditorAssembliesLoaded (0ms)
			ExecutionOrderSort2 (0ms)
			AwakeInstancesAfterBackupRestoration (6ms)
Platform modules already initialized, skipping
========================================================================
Worker process is ready to serve import requests
Launched and connected shader compiler UnityShaderCompiler.exe after 0.07 seconds
Refreshing native plugins compatible for Editor in 0.29 ms, found 2 plugins.
Preloading 0 native plugins for Editor in 0.00 ms.
Unloading 1488 Unused Serialized files (Serialized files now loaded: 0)
System memory in use before: 67.6 MB.
System memory in use after: 67.6 MB.

Unloading 19 unused Assets to reduce memory usage. Loaded Objects now: 1920.
Total: 2.694300 ms (FindLiveObjects: 0.123000 ms CreateObjectMapping: 0.037700 ms MarkObjects: 2.478100 ms  DeleteObjects: 0.054600 ms)

AssetImportParameters requested are different than current active one (requested -> active):
  custom:framework-win-MediaFoundation: 216162199b28c13a410421893ffa2e32 -> 
  custom:video-decoder-ogg-theora: a1e56fd34408186e4bbccfd4996cb3dc -> 
  custom:container-muxer-webm: aa71ff27fc2769a1b78a27578f13a17b -> 
  custom:container-demuxer-webm: 4f35f7cbe854078d1ac9338744f61a02 -> 
  custom:container-demuxer-ogg: 62fdf1f143b41e24485cea50d1cbac27 -> 
  custom:video-encoder-webm-vp8: eb34c28f22e8b96e1ab97ce403110664 -> 
  custom:video-decoder-webm-vp8: 9c59270c3fd7afecdb556c50c9e8de78 -> 
  custom:audio-decoder-ogg-vorbis: bf7c407c2cedff20999df2af8eb42d56 -> 
  custom:audio-encoder-webm-vorbis: bf7c407c2cedff20999df2af8eb42d56 -> 
========================================================================
Received Import Request.
  path: Assets/Kren
  artifactKey: Guid(144c2bff41b2d884ba339e6b91e93974) Importer(815301076,1909f56bfc062723c751e8b465ee728b)
Start importing Assets/Kren using Guid(144c2bff41b2d884ba339e6b91e93974) Importer(815301076,1909f56bfc062723c751e8b465ee728b)  -> (artifact id: 'b1830425f89b07757fdeea96db1ecc95') in 0.007197 seconds 
  Import took 0.009574 seconds .

========================================================================
Received Import Request.
  Time since last request: 1.272528 seconds.
  path: Assets
  artifactKey: Guid(00000000000000001000000000000000) Importer(815301076,1909f56bfc062723c751e8b465ee728b)
Start importing Assets using Guid(00000000000000001000000000000000) Importer(815301076,1909f56bfc062723c751e8b465ee728b)  -> (artifact id: '42d402b061de3733987d63b9cc3b64de') in 0.007821 seconds 
  Import took 0.010115 seconds .

========================================================================
Received Import Request.
  Time since last request: 4.615372 seconds.
  path: Assets/Karen
  artifactKey: Guid(144c2bff41b2d884ba339e6b91e93974) Importer(815301076,1909f56bfc062723c751e8b465ee728b)
Start importing Assets/Karen using Guid(144c2bff41b2d884ba339e6b91e93974) Importer(815301076,1909f56bfc062723c751e8b465ee728b)  -> (artifact id: '578cdcdbe5d155e04b7250981eeabcb4') in 0.007363 seconds 
  Import took 0.009666 seconds .

========================================================================
Received Import Request.
  Time since last request: 5.287102 seconds.
  path: Assets/Kevin
  artifactKey: Guid(edf8d42ad225f3d48818e52f92de7beb) Importer(815301076,1909f56bfc062723c751e8b465ee728b)
Start importing Assets/Kevin using Guid(edf8d42ad225f3d48818e52f92de7beb) Importer(815301076,1909f56bfc062723c751e8b465ee728b)  -> (artifact id: '2ac137390ae71d19f98a33c7682cd7b5') in 0.006356 seconds 
  Import took 0.008860 seconds .

========================================================================
Received Import Request.
  Time since last request: 4.902177 seconds.
  path: Assets/Master
  artifactKey: Guid(6ac4839a08b32cc449ed7192b4acb72e) Importer(815301076,1909f56bfc062723c751e8b465ee728b)
Start importing Assets/Master using Guid(6ac4839a08b32cc449ed7192b4acb72e) Importer(815301076,1909f56bfc062723c751e8b465ee728b)  -> (artifact id: 'd0af2d246174def7e290ab0aa6336f2e') in 0.005867 seconds 
  Import took 0.008190 seconds .

========================================================================
Received Import Request.
  Time since last request: 5.343975 seconds.
  path: Assets/Nayana
  artifactKey: Guid(8483a1923a6eb9b4681c50b44c70dd90) Importer(815301076,1909f56bfc062723c751e8b465ee728b)
Start importing Assets/Nayana using Guid(8483a1923a6eb9b4681c50b44c70dd90) Importer(815301076,1909f56bfc062723c751e8b465ee728b)  -> (artifact id: 'f0fe2a37d82846e7bdcfc5d33b897dfb') in 0.006262 seconds 
  Import took 0.008639 seconds .

========================================================================
Received Import Request.
  Time since last request: 1.920031 seconds.
  path: Assets/Scenes
  artifactKey: Guid(5b96e4e143830c74ab449a02305a633e) Importer(815301076,1909f56bfc062723c751e8b465ee728b)
Start importing Assets/Scenes using Guid(5b96e4e143830c74ab449a02305a633e) Importer(815301076,1909f56bfc062723c751e8b465ee728b)  -> (artifact id: '4537aba4549297f20ebf478c280fbcb8') in 0.006257 seconds 
  Import took 0.008315 seconds .

========================================================================
Received Import Request.
  Time since last request: 15.619409 seconds.
  path: Assets/_Karen
  artifactKey: Guid(144c2bff41b2d884ba339e6b91e93974) Importer(815301076,1909f56bfc062723c751e8b465ee728b)
Start importing Assets/_Karen using Guid(144c2bff41b2d884ba339e6b91e93974) Importer(815301076,1909f56bfc062723c751e8b465ee728b)  -> (artifact id: 'c9455a270d4e92c64b4ea314fcd862f4') in 0.006725 seconds 
  Import took 0.008978 seconds .

========================================================================
Received Import Request.
  Time since last request: 6.049903 seconds.
  path: Assets/_Kevin
  artifactKey: Guid(edf8d42ad225f3d48818e52f92de7beb) Importer(815301076,1909f56bfc062723c751e8b465ee728b)
Start importing Assets/_Kevin using Guid(edf8d42ad225f3d48818e52f92de7beb) Importer(815301076,1909f56bfc062723c751e8b465ee728b)  -> (artifact id: '2069642accf56a4a6c15020c0a13cc71') in 0.006712 seconds 
  Import took 0.008754 seconds .

========================================================================
Received Import Request.
  Time since last request: 6.754645 seconds.
  path: Assets/_Master
  artifactKey: Guid(6ac4839a08b32cc449ed7192b4acb72e) Importer(815301076,1909f56bfc062723c751e8b465ee728b)
Start importing Assets/_Master using Guid(6ac4839a08b32cc449ed7192b4acb72e) Importer(815301076,1909f56bfc062723c751e8b465ee728b)  -> (artifact id: '465609285d6a6f17b8a7baf5eb1676ae') in 0.007481 seconds 
  Import took 0.009725 seconds .

========================================================================
Received Import Request.
  Time since last request: 25.221548 seconds.
  path: Assets/_Nayana
  artifactKey: Guid(8483a1923a6eb9b4681c50b44c70dd90) Importer(815301076,1909f56bfc062723c751e8b465ee728b)
Start importing Assets/_Nayana using Guid(8483a1923a6eb9b4681c50b44c70dd90) Importer(815301076,1909f56bfc062723c751e8b465ee728b)  -> (artifact id: '2433f58493add01c410d794d021bb1d5') in 0.006025 seconds 
  Import took 0.008277 seconds .

========================================================================
Received Import Request.
  Time since last request: 9.771681 seconds.
  path: Assets/_Master/_Assets
  artifactKey: Guid(685fabe598a32c1489068cae4f9aaf8f) Importer(815301076,1909f56bfc062723c751e8b465ee728b)
Start importing Assets/_Master/_Assets using Guid(685fabe598a32c1489068cae4f9aaf8f) Importer(815301076,1909f56bfc062723c751e8b465ee728b)  -> (artifact id: '3be435370a1b2a925ef9911b938fde98') in 0.006634 seconds 
  Import took 0.008763 seconds .

========================================================================
Received Import Request.
  Time since last request: 27.662030 seconds.
  path: Assets/_Master/_Scenes
  artifactKey: Guid(9b5943f5c117ab44d82bbb147a5446c5) Importer(815301076,1909f56bfc062723c751e8b465ee728b)
Start importing Assets/_Master/_Scenes using Guid(9b5943f5c117ab44d82bbb147a5446c5) Importer(815301076,1909f56bfc062723c751e8b465ee728b)  -> (artifact id: 'e34d35cddf7de86e91c6bbc69575c23d') in 0.006432 seconds 
  Import took 0.008778 seconds .

========================================================================
Received Import Request.
  Time since last request: 4.902981 seconds.
  path: Assets/_Master/_Scripts
  artifactKey: Guid(ba100de5afa046c4590b2755e6789f9b) Importer(815301076,1909f56bfc062723c751e8b465ee728b)
Start importing Assets/_Master/_Scripts using Guid(ba100de5afa046c4590b2755e6789f9b) Importer(815301076,1909f56bfc062723c751e8b465ee728b)  -> (artifact id: 'b3e4c1eddd8a2e6f35efaabacce24358') in 0.005863 seconds 
  Import took 0.007956 seconds .

========================================================================
Received Import Request.
  Time since last request: 9.343593 seconds.
  path: Assets/_Master/_Misc
  artifactKey: Guid(a919ceeeb41eb8d4b9f0bd3567240f56) Importer(815301076,1909f56bfc062723c751e8b465ee728b)
Start importing Assets/_Master/_Misc using Guid(a919ceeeb41eb8d4b9f0bd3567240f56) Importer(815301076,1909f56bfc062723c751e8b465ee728b)  -> (artifact id: '68d9bdd1aa9340130698f1f8f0a22332') in 0.005641 seconds 
  Import took 0.007811 seconds .

